<?xml version="1.0" encoding="UTF-8"?>
<!-- Generated by org.testng.reporters.JUnitXMLReporter -->
<testsuite hostname="Jeys-MBP.home" ignored="0" name="jquery functional test" tests="1" failures="1" timestamp="2020-10-29T12:45:28 EDT" time="24.737" errors="0">
  <testcase name="freescrmTitleTest" time="21.104" classname="jquery.testingJqueryGrowl">
    <failure type="java.lang.AssertionError" message="did not expect to find [true] but found [false]">
      <![CDATA[java.lang.AssertionError: did not expect to find [true] but found [false]
at jquery.testingJqueryGrowl.freescrmTitleTest(testingJqueryGrowl.java:49)
at java.util.ArrayList.forEach(ArrayList.java:1257)
... Removed 31 stack frames]]>
    </failure>
  </testcase> <!-- freescrmTitleTest -->
</testsuite> <!-- jquery functional test -->
